2014/01/22 07:17:52 [error] [exception.CHttpException.404] exception 'CHttpException' with message 'The system is unable to find the requested action "post".' in C:\wamp\www\yii\yii\framework\web\CController.php:483
Stack trace:
#0 C:\wamp\www\yii\yii\framework\web\CController.php(270): CController->missingAction('post')
#1 C:\wamp\www\yii\yii\framework\web\CWebApplication.php(282): CController->run('post')
#2 C:\wamp\www\yii\yii\framework\web\CWebApplication.php(141): CWebApplication->runController('api/post/offset...')
#3 C:\wamp\www\yii\yii\framework\base\CApplication.php(169): CWebApplication->processRequest()
#4 C:\wamp\www\yii\yii\yii-blog-rest\index-test.php(15): CApplication->run()
#5 {main}
REQUEST_URI=/yii/yii/yii-blog-rest/index-test.php/api/post/offset/5/limit/10
---
2014/01/22 07:18:00 [error] [exception.CHttpException.404] exception 'CHttpException' with message 'The system is unable to find the requested action "posts".' in C:\wamp\www\yii\yii\framework\web\CController.php:483
Stack trace:
#0 C:\wamp\www\yii\yii\framework\web\CController.php(270): CController->missingAction('posts')
#1 C:\wamp\www\yii\yii\framework\web\CWebApplication.php(282): CController->run('posts')
#2 C:\wamp\www\yii\yii\framework\web\CWebApplication.php(141): CWebApplication->runController('api/posts/offse...')
#3 C:\wamp\www\yii\yii\framework\base\CApplication.php(169): CWebApplication->processRequest()
#4 C:\wamp\www\yii\yii\yii-blog-rest\index-test.php(15): CApplication->run()
#5 {main}
REQUEST_URI=/yii/yii/yii-blog-rest/index-test.php/api/posts/offset/5/limit/10
---
2014/01/22 07:26:21 [error] [exception.CDbException] SQLSTATE[42000] [1049] Unknown database 'blog'
2014/01/22 07:26:21 [error] [exception.CDbException] exception 'CDbException' with message 'CDbConnection failed to open the DB connection.' in C:\wamp\www\yii\yii\framework\db\CDbConnection.php:387
Stack trace:
#0 C:\wamp\www\yii\yii\framework\db\CDbConnection.php(330): CDbConnection->open()
#1 C:\wamp\www\yii\yii\framework\db\CDbConnection.php(308): CDbConnection->setActive(true)
#2 C:\wamp\www\yii\yii\framework\base\CModule.php(387): CDbConnection->init()
#3 C:\wamp\www\yii\yii\framework\base\CApplication.php(438): CModule->getComponent('db')
#4 C:\wamp\www\yii\yii\framework\db\ar\CActiveRecord.php(623): CApplication->getDb()
#5 C:\wamp\www\yii\yii\framework\db\ar\CActiveRecord.php(2310): CActiveRecord->getDbConnection()
#6 C:\wamp\www\yii\yii\framework\db\ar\CActiveRecord.php(387): CActiveRecordMetaData->__construct(Object(Post))
#7 C:\wamp\www\yii\yii\framework\web\CActiveDataProvider.php(74): CActiveRecord::model('Post')
#8 C:\wamp\www\yii\yii\yii-blog-rest\protected\controllers\PostController.php(132): CActiveDataProvider->__construct('Post', Array)
#9 C:\wamp\www\yii\yii\framework\web\actions\CInlineAction.php(49): PostController->actionIndex()
#10 C:\wamp\www\yii\yii\framework\web\CController.php(308): CInlineAction->runWithParams(Array)
#11 C:\wamp\www\yii\yii\framework\web\filters\CFilterChain.php(133): CController->runAction(Object(CInlineAction))
#12 C:\wamp\www\yii\yii\framework\web\filters\CFilter.php(40): CFilterChain->run()
#13 C:\wamp\www\yii\yii\framework\web\CController.php(1145): CFilter->filter(Object(CFilterChain))
#14 C:\wamp\www\yii\yii\framework\web\filters\CInlineFilter.php(58): CController->filterAccessControl(Object(CFilterChain))
#15 C:\wamp\www\yii\yii\framework\web\filters\CFilterChain.php(130): CInlineFilter->filter(Object(CFilterChain))
#16 C:\wamp\www\yii\yii\framework\web\CController.php(291): CFilterChain->run()
#17 C:\wamp\www\yii\yii\framework\web\CController.php(265): CController->runActionWithFilters(Object(CInlineAction), Array)
#18 C:\wamp\www\yii\yii\framework\web\CWebApplication.php(282): CController->run('index')
#19 C:\wamp\www\yii\yii\framework\web\CWebApplication.php(141): CWebApplication->runController('post/index')
#20 C:\wamp\www\yii\yii\framework\base\CApplication.php(169): CWebApplication->processRequest()
#21 C:\wamp\www\yii\yii\yii-blog-rest\index.php(14): CApplication->run()
#22 {main}
REQUEST_URI=/yii/yii/yii-blog-rest/index.php/post/index
HTTP_REFERER=http://localhost/yii/yii/yii-blog-rest/index.php/site/contact
---
2014/01/22 07:28:34 [error] [exception.CHttpException.404] exception 'CHttpException' with message 'The system is unable to find the requested action "posts".' in C:\wamp\www\yii\yii\framework\web\CController.php:483
Stack trace:
#0 C:\wamp\www\yii\yii\framework\web\CController.php(270): CController->missingAction('posts')
#1 C:\wamp\www\yii\yii\framework\web\CWebApplication.php(282): CController->run('posts')
#2 C:\wamp\www\yii\yii\framework\web\CWebApplication.php(141): CWebApplication->runController('api/posts/123')
#3 C:\wamp\www\yii\yii\framework\base\CApplication.php(169): CWebApplication->processRequest()
#4 C:\wamp\www\yii\yii\yii-blog-rest\index-test.php(15): CApplication->run()
#5 {main}
REQUEST_URI=/yii/yii/yii-blog-rest/index-test.php/api/posts/123
---
2014/01/22 07:28:44 [error] [exception.CHttpException.404] exception 'CHttpException' with message 'The system is unable to find the requested action "posts".' in C:\wamp\www\yii\yii\framework\web\CController.php:483
Stack trace:
#0 C:\wamp\www\yii\yii\framework\web\CController.php(270): CController->missingAction('posts')
#1 C:\wamp\www\yii\yii\framework\web\CWebApplication.php(282): CController->run('posts')
#2 C:\wamp\www\yii\yii\framework\web\CWebApplication.php(141): CWebApplication->runController('api/posts/123')
#3 C:\wamp\www\yii\yii\framework\base\CApplication.php(169): CWebApplication->processRequest()
#4 C:\wamp\www\yii\yii\yii-blog-rest\index-test.php(15): CApplication->run()
#5 {main}
REQUEST_URI=/yii/yii/yii-blog-rest/index-test.php/api/posts/123
---
2014/01/22 07:29:14 [error] [exception.CHttpException.404] exception 'CHttpException' with message 'The system is unable to find the requested action "posts".' in C:\wamp\www\yii\yii\framework\web\CController.php:483
Stack trace:
#0 C:\wamp\www\yii\yii\framework\web\CController.php(270): CController->missingAction('posts')
#1 C:\wamp\www\yii\yii\framework\web\CWebApplication.php(282): CController->run('posts')
#2 C:\wamp\www\yii\yii\framework\web\CWebApplication.php(141): CWebApplication->runController('api/posts/123')
#3 C:\wamp\www\yii\yii\framework\base\CApplication.php(169): CWebApplication->processRequest()
#4 C:\wamp\www\yii\yii\yii-blog-rest\index-test.php(15): CApplication->run()
#5 {main}
REQUEST_URI=/yii/yii/yii-blog-rest/index-test.php/api/posts/123
---
2014/01/22 07:30:21 [error] [exception.CHttpException.404] exception 'CHttpException' with message 'The system is unable to find the requested action "posts".' in C:\wamp\www\yii\yii\framework\web\CController.php:483
Stack trace:
#0 C:\wamp\www\yii\yii\framework\web\CController.php(270): CController->missingAction('posts')
#1 C:\wamp\www\yii\yii\framework\web\CWebApplication.php(282): CController->run('posts')
#2 C:\wamp\www\yii\yii\framework\web\CWebApplication.php(141): CWebApplication->runController('api/posts/123')
#3 C:\wamp\www\yii\yii\framework\base\CApplication.php(169): CWebApplication->processRequest()
#4 C:\wamp\www\yii\yii\yii-blog-rest\index-test.php(15): CApplication->run()
#5 {main}
REQUEST_URI=/yii/yii/yii-blog-rest/index-test.php/api/posts/123
---
2014/01/22 07:38:04 [error] [exception.CHttpException.404] exception 'CHttpException' with message 'The system is unable to find the requested action "posts".' in C:\wamp\www\yii\yii\framework\web\CController.php:483
Stack trace:
#0 C:\wamp\www\yii\yii\framework\web\CController.php(270): CController->missingAction('posts')
#1 C:\wamp\www\yii\yii\framework\web\CWebApplication.php(282): CController->run('posts')
#2 C:\wamp\www\yii\yii\framework\web\CWebApplication.php(141): CWebApplication->runController('api/posts/123/H...')
#3 C:\wamp\www\yii\yii\framework\base\CApplication.php(169): CWebApplication->processRequest()
#4 C:\wamp\www\yii\yii\yii-blog-rest\index-test.php(15): CApplication->run()
#5 {main}
REQUEST_URI=/yii/yii/yii-blog-rest/index-test.php/api/posts/123/HTTP_X
---
2014/01/22 07:38:23 [error] [exception.CHttpException.404] exception 'CHttpException' with message 'The system is unable to find the requested action "posts".' in C:\wamp\www\yii\yii\framework\web\CController.php:483
Stack trace:
#0 C:\wamp\www\yii\yii\framework\web\CController.php(270): CController->missingAction('posts')
#1 C:\wamp\www\yii\yii\framework\web\CWebApplication.php(282): CController->run('posts')
#2 C:\wamp\www\yii\yii\framework\web\CWebApplication.php(141): CWebApplication->runController('api/posts/123/X...')
#3 C:\wamp\www\yii\yii\framework\base\CApplication.php(169): CWebApplication->processRequest()
#4 C:\wamp\www\yii\yii\yii-blog-rest\index-test.php(15): CApplication->run()
#5 {main}
REQUEST_URI=/yii/yii/yii-blog-rest/index-test.php/api/posts/123/X_USERNAME
---
2014/01/22 07:39:22 [error] [exception.CHttpException.404] exception 'CHttpException' with message 'The system is unable to find the requested action "posts".' in C:\wamp\www\yii\yii\framework\web\CController.php:483
Stack trace:
#0 C:\wamp\www\yii\yii\framework\web\CController.php(270): CController->missingAction('posts')
#1 C:\wamp\www\yii\yii\framework\web\CWebApplication.php(282): CController->run('posts')
#2 C:\wamp\www\yii\yii\framework\web\CWebApplication.php(141): CWebApplication->runController('api/posts/123')
#3 C:\wamp\www\yii\yii\framework\base\CApplication.php(169): CWebApplication->processRequest()
#4 C:\wamp\www\yii\yii\yii-blog-rest\index-test.php(15): CApplication->run()
#5 {main}
REQUEST_URI=/yii/yii/yii-blog-rest/index-test.php/api/posts/123
---
2014/01/22 12:15:06 [error] [exception.CHttpException.404] exception 'CHttpException' with message 'The system is unable to find the requested action "posts".' in C:\wamp\www\yii\yii\framework\web\CController.php:483
Stack trace:
#0 C:\wamp\www\yii\yii\framework\web\CController.php(270): CController->missingAction('posts')
#1 C:\wamp\www\yii\yii\framework\web\CWebApplication.php(282): CController->run('posts')
#2 C:\wamp\www\yii\yii\framework\web\CWebApplication.php(141): CWebApplication->runController('api/posts/123/1...')
#3 C:\wamp\www\yii\yii\framework\base\CApplication.php(169): CWebApplication->processRequest()
#4 C:\wamp\www\yii\yii\yii-blog-rest\index-test.php(15): CApplication->run()
#5 {main}
REQUEST_URI=/yii/yii/yii-blog-rest/index-test.php/api/posts/123/1111
---
2014/01/22 12:16:45 [error] [exception.CHttpException.404] exception 'CHttpException' with message 'The system is unable to find the requested action "posts".' in C:\wamp\www\yii\yii\framework\web\CController.php:483
Stack trace:
#0 C:\wamp\www\yii\yii\framework\web\CController.php(270): CController->missingAction('posts')
#1 C:\wamp\www\yii\yii\framework\web\CWebApplication.php(282): CController->run('posts')
#2 C:\wamp\www\yii\yii\framework\web\CWebApplication.php(141): CWebApplication->runController('api/posts/123/1')
#3 C:\wamp\www\yii\yii\framework\base\CApplication.php(169): CWebApplication->processRequest()
#4 C:\wamp\www\yii\yii\yii-blog-rest\index-test.php(15): CApplication->run()
#5 {main}
REQUEST_URI=/yii/yii/yii-blog-rest/index-test.php/api/posts/123/1
---
2014/01/22 12:19:58 [error] [php] preg_match() [<a href='function.preg-match'>function.preg-match</a>]: Compilation failed: two named subpatterns have the same name at offset 29 (C:\wamp\www\yii\yii\framework\web\CUrlManager.php:822)
Stack trace:
#0 C:\wamp\www\yii\yii\framework\web\CWebApplication.php(140): CUrlManager->parseUrl()
#1 C:\wamp\www\yii\yii\framework\base\CApplication.php(169): CWebApplication->processRequest()
#2 C:\wamp\www\yii\yii\yii-blog-rest\index-test.php(15): CWebApplication->run()
REQUEST_URI=/yii/yii/yii-blog-rest/index-test.php/api/posts/123/1
2014/01/22 12:20:27 [error] [exception.CHttpException.404] exception 'CHttpException' with message 'The system is unable to find the requested action "posts".' in C:\wamp\www\yii\yii\framework\web\CController.php:483
Stack trace:
#0 C:\wamp\www\yii\yii\framework\web\CController.php(270): CController->missingAction('posts')
#1 C:\wamp\www\yii\yii\framework\web\CWebApplication.php(282): CController->run('posts')
#2 C:\wamp\www\yii\yii\framework\web\CWebApplication.php(141): CWebApplication->runController('api/posts/123/1')
#3 C:\wamp\www\yii\yii\framework\base\CApplication.php(169): CWebApplication->processRequest()
#4 C:\wamp\www\yii\yii\yii-blog-rest\index-test.php(15): CApplication->run()
#5 {main}
REQUEST_URI=/yii/yii/yii-blog-rest/index-test.php/api/posts/123/1
---
2014/01/22 12:20:52 [error] [exception.CHttpException.404] exception 'CHttpException' with message 'The system is unable to find the requested action "posts".' in C:\wamp\www\yii\yii\framework\web\CController.php:483
Stack trace:
#0 C:\wamp\www\yii\yii\framework\web\CController.php(270): CController->missingAction('posts')
#1 C:\wamp\www\yii\yii\framework\web\CWebApplication.php(282): CController->run('posts')
#2 C:\wamp\www\yii\yii\framework\web\CWebApplication.php(141): CWebApplication->runController('api/posts/123/1')
#3 C:\wamp\www\yii\yii\framework\base\CApplication.php(169): CWebApplication->processRequest()
#4 C:\wamp\www\yii\yii\yii-blog-rest\index-test.php(15): CApplication->run()
#5 {main}
REQUEST_URI=/yii/yii/yii-blog-rest/index-test.php/api/posts/123/1
---
2014/01/22 12:21:03 [error] [exception.CHttpException.404] exception 'CHttpException' with message 'The system is unable to find the requested action "login".' in C:\wamp\www\yii\yii\framework\web\CController.php:483
Stack trace:
#0 C:\wamp\www\yii\yii\framework\web\CController.php(270): CController->missingAction('login')
#1 C:\wamp\www\yii\yii\framework\web\CWebApplication.php(282): CController->run('login')
#2 C:\wamp\www\yii\yii\framework\web\CWebApplication.php(141): CWebApplication->runController('api/login/aaa')
#3 C:\wamp\www\yii\yii\framework\base\CApplication.php(169): CWebApplication->processRequest()
#4 C:\wamp\www\yii\yii\yii-blog-rest\index-test.php(15): CApplication->run()
#5 {main}
REQUEST_URI=/yii/yii/yii-blog-rest/index-test.php/api/login/aaa
---
2014/01/22 12:21:38 [error] [exception.CHttpException.404] exception 'CHttpException' with message 'The system is unable to find the requested action "login".' in C:\wamp\www\yii\yii\framework\web\CController.php:483
Stack trace:
#0 C:\wamp\www\yii\yii\framework\web\CController.php(270): CController->missingAction('login')
#1 C:\wamp\www\yii\yii\framework\web\CWebApplication.php(282): CController->run('login')
#2 C:\wamp\www\yii\yii\framework\web\CWebApplication.php(141): CWebApplication->runController('api/login')
#3 C:\wamp\www\yii\yii\framework\base\CApplication.php(169): CWebApplication->processRequest()
#4 C:\wamp\www\yii\yii\yii-blog-rest\index-test.php(15): CApplication->run()
#5 {main}
REQUEST_URI=/yii/yii/yii-blog-rest/index-test.php/api/login/aaa
---
2014/01/22 12:21:45 [error] [exception.CHttpException.404] exception 'CHttpException' with message 'The system is unable to find the requested action "login".' in C:\wamp\www\yii\yii\framework\web\CController.php:483
Stack trace:
#0 C:\wamp\www\yii\yii\framework\web\CController.php(270): CController->missingAction('login')
#1 C:\wamp\www\yii\yii\framework\web\CWebApplication.php(282): CController->run('login')
#2 C:\wamp\www\yii\yii\framework\web\CWebApplication.php(141): CWebApplication->runController('api/login')
#3 C:\wamp\www\yii\yii\framework\base\CApplication.php(169): CWebApplication->processRequest()
#4 C:\wamp\www\yii\yii\yii-blog-rest\index-test.php(15): CApplication->run()
#5 {main}
REQUEST_URI=/yii/yii/yii-blog-rest/index-test.php/api/login/1
---
2014/01/22 12:21:55 [error] [exception.CHttpException.404] exception 'CHttpException' with message 'The system is unable to find the requested action "login".' in C:\wamp\www\yii\yii\framework\web\CController.php:483
Stack trace:
#0 C:\wamp\www\yii\yii\framework\web\CController.php(270): CController->missingAction('login')
#1 C:\wamp\www\yii\yii\framework\web\CWebApplication.php(282): CController->run('login')
#2 C:\wamp\www\yii\yii\framework\web\CWebApplication.php(141): CWebApplication->runController('api/login')
#3 C:\wamp\www\yii\yii\framework\base\CApplication.php(169): CWebApplication->processRequest()
#4 C:\wamp\www\yii\yii\yii-blog-rest\index-test.php(15): CApplication->run()
#5 {main}
REQUEST_URI=/yii/yii/yii-blog-rest/index-test.php/api/login/1
---
2014/01/22 12:45:15 [error] [exception.CHttpException.404] exception 'CHttpException' with message 'The system is unable to find the requested action "posts".' in C:\wamp\www\yii\yii\framework\web\CController.php:483
Stack trace:
#0 C:\wamp\www\yii\yii\framework\web\CController.php(270): CController->missingAction('posts')
#1 C:\wamp\www\yii\yii\framework\web\CWebApplication.php(282): CController->run('posts')
#2 C:\wamp\www\yii\yii\framework\web\CWebApplication.php(141): CWebApplication->runController('api/posts/123')
#3 C:\wamp\www\yii\yii\framework\base\CApplication.php(169): CWebApplication->processRequest()
#4 C:\wamp\www\yii\yii\yii-blog-rest\index-test.php(15): CApplication->run()
#5 {main}
REQUEST_URI=/yii/yii/yii-blog-rest/index-test.php/api/posts/123
---
